2025-06-04 16:30:50 [INFO] restartedMain c.m.dev.MogatshooApplication - Starting MogatshooApplication using Java 21.0.6 with PID 16728 (D:\springBoot\git_mogatshoo\mogatshoo\mogatshoo\bin\main started by user in D:\springBoot\git_mogatshoo\mogatshoo\mogatshoo)
2025-06-04 16:30:50 [INFO] restartedMain c.m.dev.MogatshooApplication - No active profile set, falling back to 1 default profile: "default"
2025-06-04 16:30:50 [INFO] restartedMain o.s.d.r.c.RepositoryConfigurationDelegate - Bootstrapping Spring Data JPA repositories in DEFAULT mode.
2025-06-04 16:30:51 [INFO] restartedMain o.s.d.r.c.RepositoryConfigurationDelegate - Finished Spring Data repository scanning in 123 ms. Found 15 JPA repository interfaces.
2025-06-04 16:30:51 [INFO] restartedMain o.s.b.w.e.t.TomcatWebServer - Tomcat initialized with port 8083 (http)
2025-06-04 16:30:51 [INFO] restartedMain o.a.c.core.StandardService - Starting service [Tomcat]
2025-06-04 16:30:51 [INFO] restartedMain o.a.c.core.StandardEngine - Starting Servlet engine: [Apache Tomcat/10.1.40]
2025-06-04 16:30:51 [INFO] restartedMain o.a.c.c.C.[.[localhost].[/] - Initializing Spring embedded WebApplicationContext
2025-06-04 16:30:51 [INFO] restartedMain o.s.b.w.s.c.ServletWebServerApplicationContext - Root WebApplicationContext: initialization completed in 1227 ms
2025-06-04 16:30:51 [INFO] restartedMain o.h.j.internal.util.LogHelper - HHH000204: Processing PersistenceUnitInfo [name: default]
2025-06-04 16:30:51 [INFO] restartedMain o.h.c.i.RegionFactoryInitiator - HHH000026: Second-level cache disabled
2025-06-04 16:30:51 [INFO] restartedMain o.s.o.j.p.SpringPersistenceUnitInfo - No LoadTimeWeaver setup: ignoring JPA class transformer
2025-06-04 16:30:51 [INFO] restartedMain c.z.hikari.HikariDataSource - HikariPool-10 - Starting...
2025-06-04 16:30:54 [INFO] restartedMain c.z.hikari.pool.HikariPool - HikariPool-10 - Added connection com.mysql.cj.jdbc.ConnectionImpl@26c658e6
2025-06-04 16:30:54 [INFO] restartedMain c.z.hikari.HikariDataSource - HikariPool-10 - Start completed.
2025-06-04 16:30:54 [WARN] restartedMain org.hibernate.orm.deprecation - HHH90000025: MySQL8Dialect does not need to be specified explicitly using 'hibernate.dialect' (remove the property setting and it will be selected by default)
2025-06-04 16:30:54 [WARN] restartedMain org.hibernate.orm.deprecation - HHH90000026: MySQL8Dialect has been deprecated; use org.hibernate.dialect.MySQLDialect instead
2025-06-04 16:30:54 [INFO] restartedMain o.h.orm.connections.pooling - HHH10001005: Database info:
	Database JDBC URL [Connecting through datasource 'HikariDataSource (HikariPool-10)']
	Database driver: undefined/unknown
	Database version: 8.0
	Autocommit mode: undefined/unknown
	Isolation level: undefined/unknown
	Minimum pool size: undefined/unknown
	Maximum pool size: undefined/unknown
2025-06-04 16:30:54 [INFO] restartedMain o.h.e.t.j.p.i.JtaPlatformInitiator - HHH000489: No JTA platform available (set 'hibernate.transaction.jta.platform' to enable JTA platform integration)
2025-06-04 16:30:54 [INFO] restartedMain o.s.o.j.LocalContainerEntityManagerFactoryBean - Initialized JPA EntityManagerFactory for persistence unit 'default'
2025-06-04 16:30:55 [WARN] restartedMain o.s.b.a.o.j.JpaBaseConfiguration$JpaWebConfiguration - spring.jpa.open-in-view is enabled by default. Therefore, database queries may be performed during view rendering. Explicitly configure spring.jpa.open-in-view to disable this warning
2025-06-04 16:30:55 [INFO] restartedMain o.s.s.c.a.a.c.InitializeUserDetailsBeanManagerConfigurer$InitializeUserDetailsManagerConfigurer - Global AuthenticationManager configured with UserDetailsService bean with name memberServiceImpl
2025-06-04 16:30:55 [INFO] restartedMain o.s.b.d.a.OptionalLiveReloadServer - LiveReload server is running on port 35729
2025-06-04 16:30:55 [INFO] restartedMain o.s.b.w.e.t.TomcatWebServer - Tomcat started on port 8083 (http) with context path '/'
2025-06-04 16:30:55 [INFO] restartedMain c.m.dev.MogatshooApplication - Started MogatshooApplication in 5.398 seconds (process running for 6385.263)
2025-06-04 16:30:55 [INFO] restartedMain o.s.b.d.a.ConditionEvaluationDeltaLoggingListener - Condition evaluation unchanged
2025-06-04 16:31:30 [INFO] RMI TCP Connection(154)-127.0.0.1 o.s.b.a.SpringApplicationAdminMXBeanRegistrar$SpringApplicationAdmin - Application shutdown requested.
2025-06-04 16:31:30 [INFO] RMI TCP Connection(154)-127.0.0.1 o.s.b.w.e.t.GracefulShutdown - Commencing graceful shutdown. Waiting for active requests to complete
2025-06-04 16:31:30 [INFO] tomcat-shutdown o.s.b.w.e.t.GracefulShutdown - Graceful shutdown complete
2025-06-04 16:31:30 [INFO] RMI TCP Connection(154)-127.0.0.1 o.s.o.j.LocalContainerEntityManagerFactoryBean - Closing JPA EntityManagerFactory for persistence unit 'default'
2025-06-04 16:31:30 [INFO] RMI TCP Connection(154)-127.0.0.1 c.z.hikari.HikariDataSource - HikariPool-10 - Shutdown initiated...
2025-06-04 16:31:30 [INFO] RMI TCP Connection(154)-127.0.0.1 c.z.hikari.HikariDataSource - HikariPool-10 - Shutdown completed.
2025-06-04 16:32:16 [INFO] restartedMain c.m.dev.MogatshooApplication - Starting MogatshooApplication using Java 21.0.6 with PID 17080 (D:\springBoot\git_mogatshoo\mogatshoo\mogatshoo\bin\main started by user in D:\springBoot\git_mogatshoo\mogatshoo\mogatshoo)
2025-06-04 16:32:16 [INFO] restartedMain c.m.dev.MogatshooApplication - No active profile set, falling back to 1 default profile: "default"
2025-06-04 16:32:16 [INFO] restartedMain o.s.b.d.e.DevToolsPropertyDefaultsPostProcessor - Devtools property defaults active! Set 'spring.devtools.add-properties' to 'false' to disable
2025-06-04 16:32:16 [INFO] restartedMain o.s.b.d.e.DevToolsPropertyDefaultsPostProcessor - For additional web related logging consider setting the 'logging.level.web' property to 'DEBUG'
2025-06-04 16:32:17 [INFO] restartedMain o.s.d.r.c.RepositoryConfigurationDelegate - Bootstrapping Spring Data JPA repositories in DEFAULT mode.
2025-06-04 16:32:17 [INFO] restartedMain o.s.d.r.c.RepositoryConfigurationDelegate - Finished Spring Data repository scanning in 117 ms. Found 15 JPA repository interfaces.
2025-06-04 16:32:18 [INFO] restartedMain o.s.b.w.e.t.TomcatWebServer - Tomcat initialized with port 8083 (http)
2025-06-04 16:32:18 [INFO] restartedMain o.a.c.core.StandardService - Starting service [Tomcat]
2025-06-04 16:32:18 [INFO] restartedMain o.a.c.core.StandardEngine - Starting Servlet engine: [Apache Tomcat/10.1.40]
2025-06-04 16:32:18 [INFO] restartedMain o.a.c.c.C.[.[localhost].[/] - Initializing Spring embedded WebApplicationContext
2025-06-04 16:32:18 [INFO] restartedMain o.s.b.w.s.c.ServletWebServerApplicationContext - Root WebApplicationContext: initialization completed in 1376 ms
2025-06-04 16:32:18 [INFO] restartedMain o.h.j.internal.util.LogHelper - HHH000204: Processing PersistenceUnitInfo [name: default]
2025-06-04 16:32:18 [INFO] restartedMain org.hibernate.Version - HHH000412: Hibernate ORM core version 6.6.13.Final
2025-06-04 16:32:18 [INFO] restartedMain o.h.c.i.RegionFactoryInitiator - HHH000026: Second-level cache disabled
2025-06-04 16:32:18 [INFO] restartedMain o.s.o.j.p.SpringPersistenceUnitInfo - No LoadTimeWeaver setup: ignoring JPA class transformer
2025-06-04 16:32:18 [INFO] restartedMain c.z.hikari.HikariDataSource - HikariPool-1 - Starting...
2025-06-04 16:32:22 [INFO] restartedMain c.z.hikari.pool.HikariPool - HikariPool-1 - Added connection com.mysql.cj.jdbc.ConnectionImpl@5a76639b
2025-06-04 16:32:22 [INFO] restartedMain c.z.hikari.HikariDataSource - HikariPool-1 - Start completed.
2025-06-04 16:32:22 [WARN] restartedMain org.hibernate.orm.deprecation - HHH90000025: MySQL8Dialect does not need to be specified explicitly using 'hibernate.dialect' (remove the property setting and it will be selected by default)
2025-06-04 16:32:22 [WARN] restartedMain org.hibernate.orm.deprecation - HHH90000026: MySQL8Dialect has been deprecated; use org.hibernate.dialect.MySQLDialect instead
2025-06-04 16:32:22 [INFO] restartedMain o.h.orm.connections.pooling - HHH10001005: Database info:
	Database JDBC URL [Connecting through datasource 'HikariDataSource (HikariPool-1)']
	Database driver: undefined/unknown
	Database version: 8.0
	Autocommit mode: undefined/unknown
	Isolation level: undefined/unknown
	Minimum pool size: undefined/unknown
	Maximum pool size: undefined/unknown
2025-06-04 16:32:22 [INFO] restartedMain o.h.e.t.j.p.i.JtaPlatformInitiator - HHH000489: No JTA platform available (set 'hibernate.transaction.jta.platform' to enable JTA platform integration)
2025-06-04 16:32:23 [INFO] restartedMain o.s.o.j.LocalContainerEntityManagerFactoryBean - Initialized JPA EntityManagerFactory for persistence unit 'default'
2025-06-04 16:32:23 [INFO] restartedMain o.s.d.j.r.q.QueryEnhancerFactory - Hibernate is in classpath; If applicable, HQL parser will be used.
2025-06-04 16:32:25 [WARN] restartedMain o.s.b.a.o.j.JpaBaseConfiguration$JpaWebConfiguration - spring.jpa.open-in-view is enabled by default. Therefore, database queries may be performed during view rendering. Explicitly configure spring.jpa.open-in-view to disable this warning
2025-06-04 16:32:25 [INFO] restartedMain o.s.s.c.a.a.c.InitializeUserDetailsBeanManagerConfigurer$InitializeUserDetailsManagerConfigurer - Global AuthenticationManager configured with UserDetailsService bean with name memberServiceImpl
2025-06-04 16:32:26 [INFO] restartedMain o.s.b.d.a.OptionalLiveReloadServer - LiveReload server is running on port 35729
2025-06-04 16:32:26 [INFO] restartedMain o.s.b.w.e.t.TomcatWebServer - Tomcat started on port 8083 (http) with context path '/'
2025-06-04 16:32:26 [INFO] restartedMain c.m.dev.MogatshooApplication - Started MogatshooApplication in 9.838 seconds (process running for 10.757)
2025-06-04 16:48:17 [INFO] File Watcher o.s.b.d.a.LocalDevToolsAutoConfiguration$RestartingClassPathChangeChangedEventListener - Restarting due to 1 class path change (0 additions, 0 deletions, 1 modification)
2025-06-04 16:48:17 [INFO] Thread-5 o.s.b.w.e.t.GracefulShutdown - Commencing graceful shutdown. Waiting for active requests to complete
2025-06-04 16:48:17 [INFO] tomcat-shutdown o.s.b.w.e.t.GracefulShutdown - Graceful shutdown complete
2025-06-04 16:48:17 [INFO] Thread-5 o.s.o.j.LocalContainerEntityManagerFactoryBean - Closing JPA EntityManagerFactory for persistence unit 'default'
2025-06-04 16:48:17 [INFO] Thread-5 c.z.hikari.HikariDataSource - HikariPool-1 - Shutdown initiated...
2025-06-04 16:48:17 [INFO] Thread-5 c.z.hikari.HikariDataSource - HikariPool-1 - Shutdown completed.
2025-06-04 16:48:17 [INFO] restartedMain c.m.dev.MogatshooApplication - Starting MogatshooApplication using Java 21.0.6 with PID 17080 (D:\springBoot\git_mogatshoo\mogatshoo\mogatshoo\bin\main started by user in D:\springBoot\git_mogatshoo\mogatshoo\mogatshoo)
2025-06-04 16:48:17 [INFO] restartedMain c.m.dev.MogatshooApplication - No active profile set, falling back to 1 default profile: "default"
2025-06-04 16:48:17 [INFO] restartedMain o.s.d.r.c.RepositoryConfigurationDelegate - Bootstrapping Spring Data JPA repositories in DEFAULT mode.
2025-06-04 16:48:17 [INFO] restartedMain o.s.d.r.c.RepositoryConfigurationDelegate - Finished Spring Data repository scanning in 90 ms. Found 15 JPA repository interfaces.
2025-06-04 16:48:17 [INFO] restartedMain o.s.b.w.e.t.TomcatWebServer - Tomcat initialized with port 8083 (http)
2025-06-04 16:48:17 [INFO] restartedMain o.a.c.core.StandardService - Starting service [Tomcat]
2025-06-04 16:48:17 [INFO] restartedMain o.a.c.core.StandardEngine - Starting Servlet engine: [Apache Tomcat/10.1.40]
2025-06-04 16:48:18 [INFO] restartedMain o.a.c.c.C.[.[localhost].[/] - Initializing Spring embedded WebApplicationContext
2025-06-04 16:48:18 [INFO] restartedMain o.s.b.w.s.c.ServletWebServerApplicationContext - Root WebApplicationContext: initialization completed in 645 ms
2025-06-04 16:48:18 [INFO] restartedMain o.h.j.internal.util.LogHelper - HHH000204: Processing PersistenceUnitInfo [name: default]
2025-06-04 16:48:18 [INFO] restartedMain o.h.c.i.RegionFactoryInitiator - HHH000026: Second-level cache disabled
2025-06-04 16:48:18 [INFO] restartedMain o.s.o.j.p.SpringPersistenceUnitInfo - No LoadTimeWeaver setup: ignoring JPA class transformer
2025-06-04 16:48:18 [INFO] restartedMain c.z.hikari.HikariDataSource - HikariPool-2 - Starting...
2025-06-04 16:48:22 [INFO] restartedMain c.z.hikari.pool.HikariPool - HikariPool-2 - Added connection com.mysql.cj.jdbc.ConnectionImpl@2e6b9dfa
2025-06-04 16:48:22 [INFO] restartedMain c.z.hikari.HikariDataSource - HikariPool-2 - Start completed.
2025-06-04 16:48:22 [WARN] restartedMain org.hibernate.orm.deprecation - HHH90000025: MySQL8Dialect does not need to be specified explicitly using 'hibernate.dialect' (remove the property setting and it will be selected by default)
2025-06-04 16:48:22 [WARN] restartedMain org.hibernate.orm.deprecation - HHH90000026: MySQL8Dialect has been deprecated; use org.hibernate.dialect.MySQLDialect instead
2025-06-04 16:48:22 [INFO] restartedMain o.h.orm.connections.pooling - HHH10001005: Database info:
	Database JDBC URL [Connecting through datasource 'HikariDataSource (HikariPool-2)']
	Database driver: undefined/unknown
	Database version: 8.0
	Autocommit mode: undefined/unknown
	Isolation level: undefined/unknown
	Minimum pool size: undefined/unknown
	Maximum pool size: undefined/unknown
2025-06-04 16:48:22 [INFO] restartedMain o.h.e.t.j.p.i.JtaPlatformInitiator - HHH000489: No JTA platform available (set 'hibernate.transaction.jta.platform' to enable JTA platform integration)
2025-06-04 16:48:23 [INFO] restartedMain o.s.o.j.LocalContainerEntityManagerFactoryBean - Initialized JPA EntityManagerFactory for persistence unit 'default'
2025-06-04 16:48:23 [WARN] restartedMain o.s.b.a.o.j.JpaBaseConfiguration$JpaWebConfiguration - spring.jpa.open-in-view is enabled by default. Therefore, database queries may be performed during view rendering. Explicitly configure spring.jpa.open-in-view to disable this warning
2025-06-04 16:48:23 [INFO] restartedMain o.s.s.c.a.a.c.InitializeUserDetailsBeanManagerConfigurer$InitializeUserDetailsManagerConfigurer - Global AuthenticationManager configured with UserDetailsService bean with name memberServiceImpl
2025-06-04 16:48:23 [INFO] restartedMain o.s.b.d.a.OptionalLiveReloadServer - LiveReload server is running on port 35729
2025-06-04 16:48:23 [INFO] restartedMain o.s.b.w.e.t.TomcatWebServer - Tomcat started on port 8083 (http) with context path '/'
2025-06-04 16:48:23 [INFO] restartedMain c.m.dev.MogatshooApplication - Started MogatshooApplication in 6.332 seconds (process running for 968.328)
2025-06-04 16:48:23 [INFO] restartedMain o.s.b.d.a.ConditionEvaluationDeltaLoggingListener - Condition evaluation unchanged
2025-06-04 16:48:47 [INFO] File Watcher o.s.b.d.a.LocalDevToolsAutoConfiguration$RestartingClassPathChangeChangedEventListener - Restarting due to 1 class path change (0 additions, 0 deletions, 1 modification)
2025-06-04 16:48:47 [INFO] Thread-7 o.s.b.w.e.t.GracefulShutdown - Commencing graceful shutdown. Waiting for active requests to complete
2025-06-04 16:48:47 [INFO] tomcat-shutdown o.s.b.w.e.t.GracefulShutdown - Graceful shutdown complete
2025-06-04 16:48:47 [INFO] Thread-7 o.s.o.j.LocalContainerEntityManagerFactoryBean - Closing JPA EntityManagerFactory for persistence unit 'default'
2025-06-04 16:48:47 [INFO] Thread-7 c.z.hikari.HikariDataSource - HikariPool-2 - Shutdown initiated...
2025-06-04 16:48:50 [INFO] Thread-7 c.z.hikari.HikariDataSource - HikariPool-2 - Shutdown completed.
2025-06-04 16:48:50 [INFO] restartedMain c.m.dev.MogatshooApplication - Starting MogatshooApplication using Java 21.0.6 with PID 17080 (D:\springBoot\git_mogatshoo\mogatshoo\mogatshoo\bin\main started by user in D:\springBoot\git_mogatshoo\mogatshoo\mogatshoo)
2025-06-04 16:48:50 [INFO] restartedMain c.m.dev.MogatshooApplication - No active profile set, falling back to 1 default profile: "default"
2025-06-04 16:48:50 [INFO] restartedMain o.s.d.r.c.RepositoryConfigurationDelegate - Bootstrapping Spring Data JPA repositories in DEFAULT mode.
2025-06-04 16:48:50 [INFO] restartedMain o.s.d.r.c.RepositoryConfigurationDelegate - Finished Spring Data repository scanning in 61 ms. Found 15 JPA repository interfaces.
2025-06-04 16:48:50 [INFO] restartedMain o.s.b.w.e.t.TomcatWebServer - Tomcat initialized with port 8083 (http)
2025-06-04 16:48:50 [INFO] restartedMain o.a.c.core.StandardService - Starting service [Tomcat]
2025-06-04 16:48:50 [INFO] restartedMain o.a.c.core.StandardEngine - Starting Servlet engine: [Apache Tomcat/10.1.40]
2025-06-04 16:48:50 [INFO] restartedMain o.a.c.c.C.[.[localhost].[/] - Initializing Spring embedded WebApplicationContext
2025-06-04 16:48:50 [INFO] restartedMain o.s.b.w.s.c.ServletWebServerApplicationContext - Root WebApplicationContext: initialization completed in 362 ms
2025-06-04 16:48:50 [INFO] restartedMain o.h.j.internal.util.LogHelper - HHH000204: Processing PersistenceUnitInfo [name: default]
2025-06-04 16:48:50 [INFO] restartedMain o.h.c.i.RegionFactoryInitiator - HHH000026: Second-level cache disabled
2025-06-04 16:48:50 [INFO] restartedMain o.s.o.j.p.SpringPersistenceUnitInfo - No LoadTimeWeaver setup: ignoring JPA class transformer
2025-06-04 16:48:50 [INFO] restartedMain c.z.hikari.HikariDataSource - HikariPool-3 - Starting...
2025-06-04 16:48:55 [INFO] restartedMain c.z.hikari.pool.HikariPool - HikariPool-3 - Added connection com.mysql.cj.jdbc.ConnectionImpl@4f6695a
2025-06-04 16:48:55 [INFO] restartedMain c.z.hikari.HikariDataSource - HikariPool-3 - Start completed.
2025-06-04 16:48:55 [WARN] restartedMain org.hibernate.orm.deprecation - HHH90000025: MySQL8Dialect does not need to be specified explicitly using 'hibernate.dialect' (remove the property setting and it will be selected by default)
2025-06-04 16:48:55 [WARN] restartedMain org.hibernate.orm.deprecation - HHH90000026: MySQL8Dialect has been deprecated; use org.hibernate.dialect.MySQLDialect instead
2025-06-04 16:48:55 [INFO] restartedMain o.h.orm.connections.pooling - HHH10001005: Database info:
	Database JDBC URL [Connecting through datasource 'HikariDataSource (HikariPool-3)']
	Database driver: undefined/unknown
	Database version: 8.0
	Autocommit mode: undefined/unknown
	Isolation level: undefined/unknown
	Minimum pool size: undefined/unknown
	Maximum pool size: undefined/unknown
2025-06-04 16:48:55 [INFO] restartedMain o.h.e.t.j.p.i.JtaPlatformInitiator - HHH000489: No JTA platform available (set 'hibernate.transaction.jta.platform' to enable JTA platform integration)
2025-06-04 16:48:56 [INFO] restartedMain o.s.o.j.LocalContainerEntityManagerFactoryBean - Initialized JPA EntityManagerFactory for persistence unit 'default'
2025-06-04 16:48:56 [WARN] restartedMain o.s.b.w.s.c.AnnotationConfigServletWebServerApplicationContext - Exception encountered during context initialization - cancelling refresh attempt: org.springframework.beans.factory.BeanCreationException: Error creating bean with name 'emailControllerImpl' defined in file [D:\springBoot\git_mogatshoo\mogatshoo\mogatshoo\bin\main\com\mogatshoo\dev\common\mail\controller\EmailControllerImpl.class]: Failed to instantiate [com.mogatshoo.dev.common.mail.controller.EmailControllerImpl]: Constructor threw exception
2025-06-04 16:48:56 [INFO] restartedMain o.s.o.j.LocalContainerEntityManagerFactoryBean - Closing JPA EntityManagerFactory for persistence unit 'default'
2025-06-04 16:48:56 [INFO] restartedMain c.z.hikari.HikariDataSource - HikariPool-3 - Shutdown initiated...
2025-06-04 16:49:00 [INFO] restartedMain c.z.hikari.HikariDataSource - HikariPool-3 - Shutdown completed.
2025-06-04 16:49:00 [INFO] restartedMain o.a.c.core.StandardService - Stopping service [Tomcat]
2025-06-04 16:49:00 [INFO] restartedMain o.s.b.a.l.ConditionEvaluationReportLogger - 

Error starting ApplicationContext. To display the condition evaluation report re-run your application with 'debug' enabled.
2025-06-04 16:49:00 [ERROR] restartedMain o.s.boot.SpringApplication - Application run failed
org.springframework.beans.factory.BeanCreationException: Error creating bean with name 'emailControllerImpl' defined in file [D:\springBoot\git_mogatshoo\mogatshoo\mogatshoo\bin\main\com\mogatshoo\dev\common\mail\controller\EmailControllerImpl.class]: Failed to instantiate [com.mogatshoo.dev.common.mail.controller.EmailControllerImpl]: Constructor threw exception
	at org.springframework.beans.factory.support.AbstractAutowireCapableBeanFactory.instantiateBean(AbstractAutowireCapableBeanFactory.java:1349) ~[spring-beans-6.2.6.jar:6.2.6]
	at org.springframework.beans.factory.support.AbstractAutowireCapableBeanFactory.createBeanInstance(AbstractAutowireCapableBeanFactory.java:1234) ~[spring-beans-6.2.6.jar:6.2.6]
	at org.springframework.beans.factory.support.AbstractAutowireCapableBeanFactory.doCreateBean(AbstractAutowireCapableBeanFactory.java:569) ~[spring-beans-6.2.6.jar:6.2.6]
	at org.springframework.beans.factory.support.AbstractAutowireCapableBeanFactory.createBean(AbstractAutowireCapableBeanFactory.java:529) ~[spring-beans-6.2.6.jar:6.2.6]
	at org.springframework.beans.factory.support.AbstractBeanFactory.lambda$doGetBean$0(AbstractBeanFactory.java:339) ~[spring-beans-6.2.6.jar:6.2.6]
	at org.springframework.beans.factory.support.DefaultSingletonBeanRegistry.getSingleton(DefaultSingletonBeanRegistry.java:371) ~[spring-beans-6.2.6.jar:6.2.6]
	at org.springframework.beans.factory.support.AbstractBeanFactory.doGetBean(AbstractBeanFactory.java:337) ~[spring-beans-6.2.6.jar:6.2.6]
	at org.springframework.beans.factory.support.AbstractBeanFactory.getBean(AbstractBeanFactory.java:202) ~[spring-beans-6.2.6.jar:6.2.6]
	at org.springframework.beans.factory.support.DefaultListableBeanFactory.instantiateSingleton(DefaultListableBeanFactory.java:1221) ~[spring-beans-6.2.6.jar:6.2.6]
	at org.springframework.beans.factory.support.DefaultListableBeanFactory.preInstantiateSingleton(DefaultListableBeanFactory.java:1187) ~[spring-beans-6.2.6.jar:6.2.6]
	at org.springframework.beans.factory.support.DefaultListableBeanFactory.preInstantiateSingletons(DefaultListableBeanFactory.java:1122) ~[spring-beans-6.2.6.jar:6.2.6]
	at org.springframework.context.support.AbstractApplicationContext.finishBeanFactoryInitialization(AbstractApplicationContext.java:987) ~[spring-context-6.2.6.jar:6.2.6]
	at org.springframework.context.support.AbstractApplicationContext.refresh(AbstractApplicationContext.java:627) ~[spring-context-6.2.6.jar:6.2.6]
	at org.springframework.boot.web.servlet.context.ServletWebServerApplicationContext.refresh(ServletWebServerApplicationContext.java:146) ~[spring-boot-3.4.5.jar:3.4.5]
	at org.springframework.boot.SpringApplication.refresh(SpringApplication.java:753) ~[spring-boot-3.4.5.jar:3.4.5]
	at org.springframework.boot.SpringApplication.refreshContext(SpringApplication.java:439) ~[spring-boot-3.4.5.jar:3.4.5]
	at org.springframework.boot.SpringApplication.run(SpringApplication.java:318) ~[spring-boot-3.4.5.jar:3.4.5]
	at org.springframework.boot.SpringApplication.run(SpringApplication.java:1362) ~[spring-boot-3.4.5.jar:3.4.5]
	at org.springframework.boot.SpringApplication.run(SpringApplication.java:1351) ~[spring-boot-3.4.5.jar:3.4.5]
	at com.mogatshoo.dev.MogatshooApplication.main(MogatshooApplication.java:12) ~[main/:na]
	at java.base/jdk.internal.reflect.DirectMethodHandleAccessor.invoke(DirectMethodHandleAccessor.java:103) ~[na:na]
	at java.base/java.lang.reflect.Method.invoke(Method.java:580) ~[na:na]
	at org.springframework.boot.devtools.restart.RestartLauncher.run(RestartLauncher.java:50) ~[spring-boot-devtools-3.4.5.jar:3.4.5]
Caused by: org.springframework.beans.BeanInstantiationException: Failed to instantiate [com.mogatshoo.dev.common.mail.controller.EmailControllerImpl]: Constructor threw exception
	at org.springframework.beans.BeanUtils.instantiateClass(BeanUtils.java:222) ~[spring-beans-6.2.6.jar:6.2.6]
	at org.springframework.beans.factory.support.SimpleInstantiationStrategy.instantiate(SimpleInstantiationStrategy.java:122) ~[spring-beans-6.2.6.jar:6.2.6]
	at org.springframework.beans.factory.support.AbstractAutowireCapableBeanFactory.instantiateBean(AbstractAutowireCapableBeanFactory.java:1343) ~[spring-beans-6.2.6.jar:6.2.6]
	... 22 common frames omitted
Caused by: java.lang.Error: Unresolved compilation problem: 
	YourSeEmailControllerImplrvice cannot be resolved to a type

	at com.mogatshoo.dev.common.mail.controller.EmailControllerImpl.<init>(EmailControllerImpl.java:21) ~[main/:na]
	at java.base/jdk.internal.reflect.DirectConstructorHandleAccessor.newInstance(DirectConstructorHandleAccessor.java:62) ~[na:na]
	at java.base/java.lang.reflect.Constructor.newInstanceWithCaller(Constructor.java:502) ~[na:na]
	at java.base/java.lang.reflect.Constructor.newInstance(Constructor.java:486) ~[na:na]
	at org.springframework.beans.BeanUtils.instantiateClass(BeanUtils.java:196) ~[spring-beans-6.2.6.jar:6.2.6]
	... 24 common frames omitted
2025-06-04 16:49:01 [INFO] restartedMain c.m.dev.MogatshooApplication - Starting MogatshooApplication using Java 21.0.6 with PID 17080 (D:\springBoot\git_mogatshoo\mogatshoo\mogatshoo\bin\main started by user in D:\springBoot\git_mogatshoo\mogatshoo\mogatshoo)
2025-06-04 16:49:01 [INFO] restartedMain c.m.dev.MogatshooApplication - No active profile set, falling back to 1 default profile: "default"
2025-06-04 16:49:02 [INFO] restartedMain o.s.d.r.c.RepositoryConfigurationDelegate - Bootstrapping Spring Data JPA repositories in DEFAULT mode.
2025-06-04 16:49:02 [INFO] restartedMain o.s.d.r.c.RepositoryConfigurationDelegate - Finished Spring Data repository scanning in 66 ms. Found 15 JPA repository interfaces.
2025-06-04 16:49:02 [INFO] restartedMain o.s.b.w.e.t.TomcatWebServer - Tomcat initialized with port 8083 (http)
2025-06-04 16:49:02 [INFO] restartedMain o.a.c.core.StandardService - Starting service [Tomcat]
2025-06-04 16:49:02 [INFO] restartedMain o.a.c.core.StandardEngine - Starting Servlet engine: [Apache Tomcat/10.1.40]
2025-06-04 16:49:02 [INFO] restartedMain o.a.c.c.C.[.[localhost].[/] - Initializing Spring embedded WebApplicationContext
2025-06-04 16:49:02 [INFO] restartedMain o.s.b.w.s.c.ServletWebServerApplicationContext - Root WebApplicationContext: initialization completed in 397 ms
2025-06-04 16:49:02 [INFO] restartedMain o.h.j.internal.util.LogHelper - HHH000204: Processing PersistenceUnitInfo [name: default]
2025-06-04 16:49:02 [INFO] restartedMain o.h.c.i.RegionFactoryInitiator - HHH000026: Second-level cache disabled
2025-06-04 16:49:02 [INFO] restartedMain o.s.o.j.p.SpringPersistenceUnitInfo - No LoadTimeWeaver setup: ignoring JPA class transformer
2025-06-04 16:49:02 [INFO] restartedMain c.z.hikari.HikariDataSource - HikariPool-4 - Starting...
2025-06-04 16:49:06 [INFO] restartedMain c.z.hikari.pool.HikariPool - HikariPool-4 - Added connection com.mysql.cj.jdbc.ConnectionImpl@68380e01
2025-06-04 16:49:06 [INFO] restartedMain c.z.hikari.HikariDataSource - HikariPool-4 - Start completed.
2025-06-04 16:49:06 [WARN] restartedMain org.hibernate.orm.deprecation - HHH90000025: MySQL8Dialect does not need to be specified explicitly using 'hibernate.dialect' (remove the property setting and it will be selected by default)
2025-06-04 16:49:06 [WARN] restartedMain org.hibernate.orm.deprecation - HHH90000026: MySQL8Dialect has been deprecated; use org.hibernate.dialect.MySQLDialect instead
2025-06-04 16:49:06 [INFO] restartedMain o.h.orm.connections.pooling - HHH10001005: Database info:
	Database JDBC URL [Connecting through datasource 'HikariDataSource (HikariPool-4)']
	Database driver: undefined/unknown
	Database version: 8.0
	Autocommit mode: undefined/unknown
	Isolation level: undefined/unknown
	Minimum pool size: undefined/unknown
	Maximum pool size: undefined/unknown
2025-06-04 16:49:07 [INFO] restartedMain o.h.e.t.j.p.i.JtaPlatformInitiator - HHH000489: No JTA platform available (set 'hibernate.transaction.jta.platform' to enable JTA platform integration)
2025-06-04 16:49:07 [INFO] restartedMain o.s.o.j.LocalContainerEntityManagerFactoryBean - Initialized JPA EntityManagerFactory for persistence unit 'default'
2025-06-04 16:49:07 [WARN] restartedMain o.s.b.a.o.j.JpaBaseConfiguration$JpaWebConfiguration - spring.jpa.open-in-view is enabled by default. Therefore, database queries may be performed during view rendering. Explicitly configure spring.jpa.open-in-view to disable this warning
2025-06-04 16:49:07 [INFO] restartedMain o.s.s.c.a.a.c.InitializeUserDetailsBeanManagerConfigurer$InitializeUserDetailsManagerConfigurer - Global AuthenticationManager configured with UserDetailsService bean with name memberServiceImpl
2025-06-04 16:49:07 [INFO] restartedMain o.s.b.d.a.OptionalLiveReloadServer - LiveReload server is running on port 35729
2025-06-04 16:49:07 [INFO] restartedMain o.s.b.w.e.t.TomcatWebServer - Tomcat started on port 8083 (http) with context path '/'
2025-06-04 16:49:07 [INFO] restartedMain c.m.dev.MogatshooApplication - Started MogatshooApplication in 5.727 seconds (process running for 1012.255)
2025-06-04 16:49:07 [INFO] restartedMain o.s.b.d.a.ConditionEvaluationDeltaLoggingListener - Condition evaluation unchanged
2025-06-04 16:50:25 [INFO] File Watcher o.s.b.d.a.LocalDevToolsAutoConfiguration$RestartingClassPathChangeChangedEventListener - Restarting due to 1 class path change (0 additions, 0 deletions, 1 modification)
2025-06-04 16:50:25 [INFO] Thread-11 o.s.b.w.e.t.GracefulShutdown - Commencing graceful shutdown. Waiting for active requests to complete
2025-06-04 16:50:25 [INFO] tomcat-shutdown o.s.b.w.e.t.GracefulShutdown - Graceful shutdown complete
2025-06-04 16:50:25 [INFO] Thread-11 o.s.o.j.LocalContainerEntityManagerFactoryBean - Closing JPA EntityManagerFactory for persistence unit 'default'
2025-06-04 16:50:25 [INFO] Thread-11 c.z.hikari.HikariDataSource - HikariPool-4 - Shutdown initiated...
2025-06-04 16:50:25 [INFO] Thread-11 c.z.hikari.HikariDataSource - HikariPool-4 - Shutdown completed.
2025-06-04 16:50:25 [INFO] restartedMain c.m.dev.MogatshooApplication - Starting MogatshooApplication using Java 21.0.6 with PID 17080 (D:\springBoot\git_mogatshoo\mogatshoo\mogatshoo\bin\main started by user in D:\springBoot\git_mogatshoo\mogatshoo\mogatshoo)
2025-06-04 16:50:25 [INFO] restartedMain c.m.dev.MogatshooApplication - No active profile set, falling back to 1 default profile: "default"
2025-06-04 16:50:25 [INFO] restartedMain o.s.d.r.c.RepositoryConfigurationDelegate - Bootstrapping Spring Data JPA repositories in DEFAULT mode.
2025-06-04 16:50:25 [INFO] restartedMain o.s.d.r.c.RepositoryConfigurationDelegate - Finished Spring Data repository scanning in 57 ms. Found 15 JPA repository interfaces.
2025-06-04 16:50:25 [INFO] restartedMain o.s.b.w.e.t.TomcatWebServer - Tomcat initialized with port 8083 (http)
2025-06-04 16:50:25 [INFO] restartedMain o.a.c.core.StandardService - Starting service [Tomcat]
2025-06-04 16:50:25 [INFO] restartedMain o.a.c.core.StandardEngine - Starting Servlet engine: [Apache Tomcat/10.1.40]
2025-06-04 16:50:25 [INFO] restartedMain o.a.c.c.C.[.[localhost].[/] - Initializing Spring embedded WebApplicationContext
2025-06-04 16:50:25 [INFO] restartedMain o.s.b.w.s.c.ServletWebServerApplicationContext - Root WebApplicationContext: initialization completed in 356 ms
2025-06-04 16:50:25 [INFO] restartedMain o.h.j.internal.util.LogHelper - HHH000204: Processing PersistenceUnitInfo [name: default]
2025-06-04 16:50:25 [INFO] restartedMain o.h.c.i.RegionFactoryInitiator - HHH000026: Second-level cache disabled
2025-06-04 16:50:25 [INFO] restartedMain o.s.o.j.p.SpringPersistenceUnitInfo - No LoadTimeWeaver setup: ignoring JPA class transformer
2025-06-04 16:50:25 [INFO] restartedMain c.z.hikari.HikariDataSource - HikariPool-5 - Starting...
2025-06-04 16:50:28 [INFO] restartedMain c.z.hikari.pool.HikariPool - HikariPool-5 - Added connection com.mysql.cj.jdbc.ConnectionImpl@3925342
2025-06-04 16:50:28 [INFO] restartedMain c.z.hikari.HikariDataSource - HikariPool-5 - Start completed.
2025-06-04 16:50:28 [WARN] restartedMain org.hibernate.orm.deprecation - HHH90000025: MySQL8Dialect does not need to be specified explicitly using 'hibernate.dialect' (remove the property setting and it will be selected by default)
2025-06-04 16:50:28 [WARN] restartedMain org.hibernate.orm.deprecation - HHH90000026: MySQL8Dialect has been deprecated; use org.hibernate.dialect.MySQLDialect instead
2025-06-04 16:50:28 [INFO] restartedMain o.h.orm.connections.pooling - HHH10001005: Database info:
	Database JDBC URL [Connecting through datasource 'HikariDataSource (HikariPool-5)']
	Database driver: undefined/unknown
	Database version: 8.0
	Autocommit mode: undefined/unknown
	Isolation level: undefined/unknown
	Minimum pool size: undefined/unknown
	Maximum pool size: undefined/unknown
2025-06-04 16:50:28 [INFO] restartedMain o.h.e.t.j.p.i.JtaPlatformInitiator - HHH000489: No JTA platform available (set 'hibernate.transaction.jta.platform' to enable JTA platform integration)
2025-06-04 16:50:28 [INFO] restartedMain o.s.o.j.LocalContainerEntityManagerFactoryBean - Initialized JPA EntityManagerFactory for persistence unit 'default'
2025-06-04 16:50:28 [WARN] restartedMain o.s.b.a.o.j.JpaBaseConfiguration$JpaWebConfiguration - spring.jpa.open-in-view is enabled by default. Therefore, database queries may be performed during view rendering. Explicitly configure spring.jpa.open-in-view to disable this warning
2025-06-04 16:50:28 [INFO] restartedMain o.s.s.c.a.a.c.InitializeUserDetailsBeanManagerConfigurer$InitializeUserDetailsManagerConfigurer - Global AuthenticationManager configured with UserDetailsService bean with name memberServiceImpl
2025-06-04 16:50:29 [INFO] restartedMain o.s.b.d.a.OptionalLiveReloadServer - LiveReload server is running on port 35729
2025-06-04 16:50:29 [INFO] restartedMain o.s.b.w.e.t.TomcatWebServer - Tomcat started on port 8083 (http) with context path '/'
2025-06-04 16:50:29 [INFO] restartedMain c.m.dev.MogatshooApplication - Started MogatshooApplication in 3.898 seconds (process running for 1093.747)
2025-06-04 16:50:29 [INFO] restartedMain o.s.b.d.a.ConditionEvaluationDeltaLoggingListener - Condition evaluation unchanged
2025-06-04 16:51:14 [INFO] File Watcher o.s.b.d.a.LocalDevToolsAutoConfiguration$RestartingClassPathChangeChangedEventListener - Restarting due to 1 class path change (0 additions, 0 deletions, 1 modification)
2025-06-04 16:51:14 [INFO] Thread-18 o.s.b.w.e.t.GracefulShutdown - Commencing graceful shutdown. Waiting for active requests to complete
2025-06-04 16:51:14 [INFO] tomcat-shutdown o.s.b.w.e.t.GracefulShutdown - Graceful shutdown complete
2025-06-04 16:51:14 [INFO] Thread-18 o.s.o.j.LocalContainerEntityManagerFactoryBean - Closing JPA EntityManagerFactory for persistence unit 'default'
2025-06-04 16:51:14 [INFO] Thread-18 c.z.hikari.HikariDataSource - HikariPool-5 - Shutdown initiated...
2025-06-04 16:51:14 [INFO] Thread-18 c.z.hikari.HikariDataSource - HikariPool-5 - Shutdown completed.
2025-06-04 16:51:14 [INFO] restartedMain c.m.dev.MogatshooApplication - Starting MogatshooApplication using Java 21.0.6 with PID 17080 (D:\springBoot\git_mogatshoo\mogatshoo\mogatshoo\bin\main started by user in D:\springBoot\git_mogatshoo\mogatshoo\mogatshoo)
2025-06-04 16:51:14 [INFO] restartedMain c.m.dev.MogatshooApplication - No active profile set, falling back to 1 default profile: "default"
2025-06-04 16:51:14 [INFO] restartedMain o.s.d.r.c.RepositoryConfigurationDelegate - Bootstrapping Spring Data JPA repositories in DEFAULT mode.
2025-06-04 16:51:14 [INFO] restartedMain o.s.d.r.c.RepositoryConfigurationDelegate - Finished Spring Data repository scanning in 81 ms. Found 15 JPA repository interfaces.
2025-06-04 16:51:14 [INFO] restartedMain o.s.b.w.e.t.TomcatWebServer - Tomcat initialized with port 8083 (http)
2025-06-04 16:51:14 [INFO] restartedMain o.a.c.core.StandardService - Starting service [Tomcat]
2025-06-04 16:51:14 [INFO] restartedMain o.a.c.core.StandardEngine - Starting Servlet engine: [Apache Tomcat/10.1.40]
2025-06-04 16:51:14 [INFO] restartedMain o.a.c.c.C.[.[localhost].[/] - Initializing Spring embedded WebApplicationContext
2025-06-04 16:51:14 [INFO] restartedMain o.s.b.w.s.c.ServletWebServerApplicationContext - Root WebApplicationContext: initialization completed in 408 ms
2025-06-04 16:51:14 [INFO] restartedMain o.h.j.internal.util.LogHelper - HHH000204: Processing PersistenceUnitInfo [name: default]
2025-06-04 16:51:14 [INFO] restartedMain o.h.c.i.RegionFactoryInitiator - HHH000026: Second-level cache disabled
2025-06-04 16:51:14 [INFO] restartedMain o.s.o.j.p.SpringPersistenceUnitInfo - No LoadTimeWeaver setup: ignoring JPA class transformer
2025-06-04 16:51:14 [INFO] restartedMain c.z.hikari.HikariDataSource - HikariPool-6 - Starting...
